<?xml version="1.0" encoding="UTF-8"?>
<testng-results ignored="0" total="2" passed="2" failed="0" skipped="0">
  <reporter-output>
  </reporter-output>
  <suite started-at="2023-07-04T11:05:54 EDT" name="Suite" finished-at="2023-07-04T11:06:07 EDT" duration-ms="12718">
    <groups>
      <group name="cucumber">
        <method signature="AbstractTestNGCucumberTests.runScenario(io.cucumber.testng.PickleWrapper,io.cucumber.testng.FeatureWrapper)[pri:0, instance:com.regression.OnlinebankingRunner@73700b80]" name="runScenario" class="io.cucumber.testng.AbstractTestNGCucumberTests"/>
      </group> <!-- cucumber -->
    </groups>
    <test started-at="2023-07-04T11:05:54 EDT" name="Test" finished-at="2023-07-04T11:06:07 EDT" duration-ms="12718">
      <class name="com.regression.OnlinebankingRunner">
        <test-method is-config="true" signature="setUpClass(org.testng.ITestContext)[pri:0, instance:com.regression.OnlinebankingRunner@73700b80]" started-at="2023-07-04T11:05:54 EDT" name="setUpClass" finished-at="2023-07-04T11:05:55 EDT" duration-ms="556" status="PASS">
          <params>
            <param index="0">
              <value>
                <![CDATA[org.testng.TestRunner@2c719bd4]]>
              </value>
            </param>
          </params>
          <reporter-output>
          </reporter-output>
        </test-method> <!-- setUpClass -->
        <test-method signature="runScenario(io.cucumber.testng.PickleWrapper,io.cucumber.testng.FeatureWrapper)[pri:0, instance:com.regression.OnlinebankingRunner@73700b80]" started-at="2023-07-04T11:05:55 EDT" name="runScenario" description="Runs Cucumber Scenarios" data-provider="scenarios" finished-at="2023-07-04T11:06:03 EDT" duration-ms="8341" status="PASS">
          <params>
            <param index="0">
              <value>
                <![CDATA["Login function test with valid credential."]]>
              </value>
            </param>
            <param index="1">
              <value>
                <![CDATA["Login function for Smarttech online Banking"]]>
              </value>
            </param>
          </params>
          <reporter-output>
          </reporter-output>
        </test-method> <!-- runScenario -->
        <test-method signature="runScenario(io.cucumber.testng.PickleWrapper,io.cucumber.testng.FeatureWrapper)[pri:0, instance:com.regression.OnlinebankingRunner@73700b80]" started-at="2023-07-04T11:06:03 EDT" name="runScenario" description="Runs Cucumber Scenarios" data-provider="scenarios" finished-at="2023-07-04T11:06:06 EDT" duration-ms="3342" status="PASS">
          <params>
            <param index="0">
              <value>
                <![CDATA["Login function test with invalid credential."]]>
              </value>
            </param>
            <param index="1">
              <value>
                <![CDATA["Login function for Smarttech online Banking"]]>
              </value>
            </param>
          </params>
          <reporter-output>
          </reporter-output>
        </test-method> <!-- runScenario -->
        <test-method is-config="true" signature="tearDownClass()[pri:0, instance:com.regression.OnlinebankingRunner@73700b80]" started-at="2023-07-04T11:06:06 EDT" name="tearDownClass" finished-at="2023-07-04T11:06:07 EDT" duration-ms="423" status="PASS">
          <reporter-output>
          </reporter-output>
        </test-method> <!-- tearDownClass -->
      </class> <!-- com.regression.OnlinebankingRunner -->
    </test> <!-- Test -->
  </suite> <!-- Suite -->
</testng-results>
