<?xml version="1.0" encoding="UTF-8"?>
<testsuite xmlns:xsi="http://www.w3.org/2001/XMLSchema-instance" xsi:noNamespaceSchemaLocation="https://maven.apache.org/surefire/maven-surefire-plugin/xsd/surefire-test-report-3.0.xsd" version="3.0" name="TestSuite" time="13.763" tests="2" errors="0" skipped="0" failures="0">
  <properties>
[...]
</properties>
  <testcase name="runScenario[&quot;Login function test with valid credential.&quot;, &quot;Login function for Smarttech online Banking&quot;](1)" classname="com.regression.OnlinebankingRunner" time="8.346">
    <system-out><![CDATA[Batch35
student123@
Hello
]]></system-out>
    <system-err><![CDATA[SLF4J: Failed to load class "org.slf4j.impl.StaticLoggerBinder".
SLF4J: Defaulting to no-operation (NOP) logger implementation
SLF4J: See http://www.slf4j.org/codes.html#StaticLoggerBinder for further details.
]]></system-err>
  </testcase>
  <testcase name="runScenario[&quot;Login function test with invalid credential.&quot;, &quot;Login function for Smarttech online Banking&quot;](2)" classname="com.regression.OnlinebankingRunner" time="3.338">
    <system-out><![CDATA[Batch355
student123@@
Hello
]]></system-out>
  </testcase>
</testsuite>