<?xml version="1.0" encoding="UTF-8"?>
<testng-results ignored="0" total="2" passed="2" failed="0" skipped="0">
  <reporter-output>
  </reporter-output>
  <suite started-at="2023-07-04T10:59:35 EDT" name="Suite" finished-at="2023-07-04T11:00:01 EDT" duration-ms="25946">
    <groups>
      <group name="cucumber">
        <method signature="AbstractTestNGCucumberTests.runScenario(io.cucumber.testng.PickleWrapper,io.cucumber.testng.FeatureWrapper)[pri:0, instance:com.regression.OnlinebankingRunner@783a467b]" name="runScenario" class="io.cucumber.testng.AbstractTestNGCucumberTests"/>
      </group> <!-- cucumber -->
    </groups>
    <test started-at="2023-07-04T10:59:35 EDT" name="Test" finished-at="2023-07-04T11:00:01 EDT" duration-ms="25946">
      <class name="com.regression.OnlinebankingRunner">
        <test-method is-config="true" signature="setUpClass(org.testng.ITestContext)[pri:0, instance:com.regression.OnlinebankingRunner@783a467b]" started-at="2023-07-04T10:59:35 EDT" name="setUpClass" finished-at="2023-07-04T10:59:35 EDT" duration-ms="574" status="PASS">
          <params>
            <param index="0">
              <value>
                <![CDATA[org.testng.TestRunner@50085d9c]]>
              </value>
            </param>
          </params>
          <reporter-output>
          </reporter-output>
        </test-method> <!-- setUpClass -->
        <test-method signature="runScenario(io.cucumber.testng.PickleWrapper,io.cucumber.testng.FeatureWrapper)[pri:0, instance:com.regression.OnlinebankingRunner@783a467b]" started-at="2023-07-04T10:59:35 EDT" name="runScenario" description="Runs Cucumber Scenarios" data-provider="scenarios" finished-at="2023-07-04T10:59:58 EDT" duration-ms="22228" status="PASS">
          <params>
            <param index="0">
              <value>
                <![CDATA["Login function test with valid credential."]]>
              </value>
            </param>
            <param index="1">
              <value>
                <![CDATA["Login function for Smarttech online Banking"]]>
              </value>
            </param>
          </params>
          <reporter-output>
          </reporter-output>
        </test-method> <!-- runScenario -->
        <test-method signature="runScenario(io.cucumber.testng.PickleWrapper,io.cucumber.testng.FeatureWrapper)[pri:0, instance:com.regression.OnlinebankingRunner@783a467b]" started-at="2023-07-04T10:59:58 EDT" name="runScenario" description="Runs Cucumber Scenarios" data-provider="scenarios" finished-at="2023-07-04T11:00:00 EDT" duration-ms="2618" status="PASS">
          <params>
            <param index="0">
              <value>
                <![CDATA["Login function test with invalid credential."]]>
              </value>
            </param>
            <param index="1">
              <value>
                <![CDATA["Login function for Smarttech online Banking"]]>
              </value>
            </param>
          </params>
          <reporter-output>
          </reporter-output>
        </test-method> <!-- runScenario -->
        <test-method is-config="true" signature="tearDownClass()[pri:0, instance:com.regression.OnlinebankingRunner@783a467b]" started-at="2023-07-04T11:00:00 EDT" name="tearDownClass" finished-at="2023-07-04T11:00:01 EDT" duration-ms="459" status="PASS">
          <reporter-output>
          </reporter-output>
        </test-method> <!-- tearDownClass -->
      </class> <!-- com.regression.OnlinebankingRunner -->
    </test> <!-- Test -->
  </suite> <!-- Suite -->
</testng-results>
